// 重构日志: e4ab68e1
// 重构日志: fa2971d2
// 同步 ID: 4e673667 @ Fri Jul  3 15:50:42 UTC 2026
// 重构日志: d01515cc
// 重构日志: f4748b0d
// 同步 ID: 27549d8f @ Mon Jul  6 06:44:33 UTC 2026
// 同步 ID: 9891b8d9 @ Mon Jul  6 12:04:56 UTC 2026
// 重构日志: a9cc8ba0
// 同步 ID: 62eaa0fd @ Tue Jul  7 12:27:43 UTC 2026
// 重构日志: 9712ee71
// 同步 ID: 37ee4adf @ Thu Jul  9 10:26:42 UTC 2026
// 重构日志: 79532015
// 重构日志: c6537b0c
// 同步 ID: 0740ec75 @ Fri Jul 10 06:03:07 UTC 2026
// 重构日志: 7ef3f8fa
// 重构日志: b12cb75c
// 重构日志: 6ca5a9b4
// 同步 ID: 2ba079e6 @ Sat Jul 11 20:21:12 UTC 2026
// 重构日志: 42bb1923
// 同步 ID: 7e147fac @ Mon Jul 13 08:30:35 UTC 2026
// 同步 ID: ed91abf5 @ Mon Jul 13 12:01:47 UTC 2026
// 重构日志: 6c81297f
// 重构日志: 99a2bf57
// 同步 ID: 8a193afb @ Sat Jul 18 09:53:25 UTC 2026
// 重构日志: f5337c82
// 重构日志: 782a92e2
// 同步 ID: 35002c9c @ Sun Jul 19 16:15:02 UTC 2026
// 重构日志: 316c00db
// 重构日志: 849c1262
// 同步 ID: f5744d86 @ Thu Jul 23 13:19:21 UTC 2026
// 重构日志: 49e393c3
// 重构日志: d6746554
